mode: set
github.com/Rohit-Bhardwaj10/semantic-cache/internal/policy/classifier.go:14.46,25.2 1 0
github.com/Rohit-Bhardwaj10/semantic-cache/internal/policy/classifier.go:29.58,33.38 2 0
github.com/Rohit-Bhardwaj10/semantic-cache/internal/policy/classifier.go:33.38,34.26 1 0
github.com/Rohit-Bhardwaj10/semantic-cache/internal/policy/classifier.go:34.26,35.31 1 0
github.com/Rohit-Bhardwaj10/semantic-cache/internal/policy/classifier.go:35.31,37.5 1 0
github.com/Rohit-Bhardwaj10/semantic-cache/internal/policy/classifier.go:43.2,43.18 1 0
github.com/Rohit-Bhardwaj10/semantic-cache/internal/policy/engine.go:21.52,26.35 2 0
github.com/Rohit-Bhardwaj10/semantic-cache/internal/policy/engine.go:26.35,28.3 1 0
github.com/Rohit-Bhardwaj10/semantic-cache/internal/policy/engine.go:30.2,30.15 1 0
github.com/Rohit-Bhardwaj10/semantic-cache/internal/policy/engine.go:34.33,36.16 2 0
github.com/Rohit-Bhardwaj10/semantic-cache/internal/policy/engine.go:36.16,38.3 1 0
github.com/Rohit-Bhardwaj10/semantic-cache/internal/policy/engine.go:40.2,41.54 2 0
github.com/Rohit-Bhardwaj10/semantic-cache/internal/policy/engine.go:41.54,43.3 1 0
github.com/Rohit-Bhardwaj10/semantic-cache/internal/policy/engine.go:45.2,49.12 4 0
github.com/Rohit-Bhardwaj10/semantic-cache/internal/policy/engine.go:53.50,58.9 4 0
github.com/Rohit-Bhardwaj10/semantic-cache/internal/policy/engine.go:58.9,61.3 1 0
github.com/Rohit-Bhardwaj10/semantic-cache/internal/policy/engine.go:62.2,62.10 1 0
github.com/Rohit-Bhardwaj10/semantic-cache/internal/policy/engine.go:67.32,71.12 3 0
github.com/Rohit-Bhardwaj10/semantic-cache/internal/policy/engine.go:71.12,72.18 1 0
github.com/Rohit-Bhardwaj10/semantic-cache/internal/policy/engine.go:72.18,73.37 1 0
github.com/Rohit-Bhardwaj10/semantic-cache/internal/policy/engine.go:73.37,75.5 1 0
github.com/Rohit-Bhardwaj10/semantic-cache/internal/policy/engine.go:75.10,77.5 1 0
github.com/Rohit-Bhardwaj10/semantic-cache/internal/policy/scoring.go:9.73,11.27 1 0
github.com/Rohit-Bhardwaj10/semantic-cache/internal/policy/scoring.go:11.27,13.3 1 0
github.com/Rohit-Bhardwaj10/semantic-cache/internal/policy/scoring.go:19.2,20.31 2 0
github.com/Rohit-Bhardwaj10/semantic-cache/internal/policy/scoring.go:20.31,22.3 1 0
github.com/Rohit-Bhardwaj10/semantic-cache/internal/policy/scoring.go:22.8,26.3 1 0
github.com/Rohit-Bhardwaj10/semantic-cache/internal/policy/scoring.go:31.2,33.19 2 0
github.com/Rohit-Bhardwaj10/semantic-cache/internal/policy/temporal.go:13.41,17.71 2 0
github.com/Rohit-Bhardwaj10/semantic-cache/internal/policy/temporal.go:17.71,19.3 1 0
github.com/Rohit-Bhardwaj10/semantic-cache/internal/policy/temporal.go:22.2,22.74 1 0
github.com/Rohit-Bhardwaj10/semantic-cache/internal/policy/temporal.go:22.74,24.3 1 0
github.com/Rohit-Bhardwaj10/semantic-cache/internal/policy/temporal.go:27.2,27.73 1 0
github.com/Rohit-Bhardwaj10/semantic-cache/internal/policy/temporal.go:27.73,29.3 1 0
github.com/Rohit-Bhardwaj10/semantic-cache/internal/policy/temporal.go:31.2,31.21 1 0
github.com/Rohit-Bhardwaj10/semantic-cache/internal/policy/temporal.go:34.53,35.30 1 0
github.com/Rohit-Bhardwaj10/semantic-cache/internal/policy/temporal.go:35.30,37.30 1 0
github.com/Rohit-Bhardwaj10/semantic-cache/internal/policy/temporal.go:37.30,39.4 1 0
github.com/Rohit-Bhardwaj10/semantic-cache/internal/policy/temporal.go:41.2,41.14 1 0
github.com/Rohit-Bhardwaj10/semantic-cache/internal/cache/entry.go:28.39,29.23 1 0
github.com/Rohit-Bhardwaj10/semantic-cache/internal/cache/entry.go:29.23,31.3 1 0
github.com/Rohit-Bhardwaj10/semantic-cache/internal/cache/entry.go:32.2,33.36 2 0
github.com/Rohit-Bhardwaj10/semantic-cache/internal/cache/entry.go:37.39,39.11 2 0
github.com/Rohit-Bhardwaj10/semantic-cache/internal/cache/entry.go:39.11,41.3 1 0
github.com/Rohit-Bhardwaj10/semantic-cache/internal/cache/entry.go:42.2,42.25 1 0
github.com/Rohit-Bhardwaj10/semantic-cache/internal/cache/normalize.go:27.34,31.2 1 0
github.com/Rohit-Bhardwaj10/semantic-cache/internal/cache/normalize.go:34.54,36.16 2 0
github.com/Rohit-Bhardwaj10/semantic-cache/internal/cache/normalize.go:36.16,38.3 1 0
github.com/Rohit-Bhardwaj10/semantic-cache/internal/cache/normalize.go:40.2,41.54 2 0
github.com/Rohit-Bhardwaj10/semantic-cache/internal/cache/normalize.go:41.54,43.3 1 0
github.com/Rohit-Bhardwaj10/semantic-cache/internal/cache/normalize.go:45.2,46.12 2 0
github.com/Rohit-Bhardwaj10/semantic-cache/internal/cache/normalize.go:50.53,68.2 7 0
github.com/Rohit-Bhardwaj10/semantic-cache/internal/cache/normalize.go:70.42,97.33 2 0
github.com/Rohit-Bhardwaj10/semantic-cache/internal/cache/normalize.go:97.33,99.3 1 0
github.com/Rohit-Bhardwaj10/semantic-cache/internal/cache/normalize.go:100.2,100.10 1 0
github.com/Rohit-Bhardwaj10/semantic-cache/internal/cache/normalize.go:103.53,114.31 1 0
github.com/Rohit-Bhardwaj10/semantic-cache/internal/cache/normalize.go:114.31,118.3 1 0
github.com/Rohit-Bhardwaj10/semantic-cache/internal/cache/normalize.go:119.2,119.10 1 0
